[16:58:17] [Server thread/INFO]: Starting minecraft server version 1.12.2
[16:58:17] [Server thread/INFO]: Loading properties
[16:58:17] [Server thread/WARN]: You have used the Spigot command line EULA agreement flag.
[16:58:17] [Server thread/WARN]: By using this setting you are indicating your agreement to Mojang's EULA (https://account.mojang.com/documents/minecraft_eula).
[16:58:17] [Server thread/WARN]: If you do not agree to the above EULA please stop your server and remove this flag immediately.
[16:58:17] [Server thread/INFO]: Default game type: SURVIVAL
[16:58:18] [Server thread/INFO]: This server is running Paper version git-Paper-1620 (MC: 1.12.2) (Implementing API version 1.12.2-R0.1-SNAPSHOT)
[16:58:19] [Server thread/INFO]: Debug logging is disabled
[16:58:19] [Server thread/INFO]: Server Ping Player Sample Count: 12
[16:58:19] [Server thread/INFO]: Using 4 threads for Netty based IO
[16:58:19] [Server thread/INFO]: Generating keypair
[16:58:19] [Server thread/INFO]: Starting Minecraft server on *:25565
[16:58:19] [Server thread/INFO]: Using epoll channel type
[16:58:20] [Server thread/INFO]: Set PluginClassLoader as parallel capable
[16:58:20] [Server thread/INFO]: [ViaVersion] Loading ViaVersion v5.3.3-SNAPSHOT
[16:58:20] [Server thread/INFO]: [ViaVersion] ViaVersion 5.3.3-SNAPSHOT is now loaded. Registering protocol transformers and injecting...
[16:58:21] [Via-Mappingloader-0/INFO]: [ViaVersion] Loading block connection mappings ...
[16:58:21] [Via-Mappingloader-0/INFO]: [ViaVersion] Using FastUtil Long2ObjectOpenHashMap for block connections
[16:58:22] [Server thread/INFO]: [ViaBackwards] Loading translations...
[16:58:22] [Server thread/INFO]: [ViaBackwards] Registering protocols...
[16:58:22] [Server thread/INFO]: [ViaRewind] Registering protocols...
[16:58:22] [Server thread/INFO]: [ViaBackwards] Loading ViaBackwards v5.3.2
[16:58:22] [Server thread/INFO]: [ViaRewind] Loading ViaRewind v4.0.7
[16:58:22] [Server thread/INFO]: [ViaRewind-Legacy-Support] Loading ViaRewind-Legacy-Support v1.5.2
[16:58:22] [Server thread/INFO]: [SkinsRestorer] Loading SkinsRestorer v15.10.2
[16:58:22] [Server thread/INFO]: [EaglerXServer] Loading EaglercraftXServer v1.0.7
[16:58:23] [Server thread/INFO]: [EaglerXServer] (Platform: Bukkit)
[16:58:23] [Server thread/WARN]: [EaglerXServer] Note: Its highly recommended to install EaglerXServer on BungeeCord or Velocity instead, you will have a much better experience
[16:58:23] [Server thread/WARN]: [EaglerXServer] Note: If you are not using Spigot (or a derivative like Paper) or a version above 1.12.2, things probably won't work right
[16:58:23] [Server thread/INFO]: [EaglerXServer] Server Name: "EaglercraftXServer"
[16:58:23] [Server thread/INFO]: [EaglerXRewind-1.5] Loading EaglercraftXRewind-1-5 v1.0.2
[16:58:23] [Server thread/INFO]: Server permissions file permissions.yml is empty, ignoring it
[16:58:23] [Server thread/INFO]: [ViaRewind] Enabling ViaRewind v4.0.7
[16:58:23] [Server thread/INFO]: [SkinsRestorer] Enabling SkinsRestorer v15.10.2
[16:58:24] [Server thread/INFO]: [33;1m[[32;22mSkinsRestorer[33;1m] [0;39m[32;1mRunning on Minecraft [33;1m1.12.2[32;1m.[0;39m
[16:58:25] [Server thread/INFO]: [33;1m[[32;22mSkinsRestorer[33;1m] [0;39mUsing paper join listener![0;39m
[16:58:25] [Server thread/WARN]: **** SERVER IS RUNNING IN OFFLINE/INSECURE MODE!
[16:58:25] [Server thread/WARN]: The server will make no attempt to authenticate usernames. Beware.
[16:58:25] [Server thread/WARN]: While this makes the game possible to play without internet access, it also opens up the ability for hackers to connect with any username they choose.
[16:58:25] [Server thread/WARN]: To change this, set "online-mode" to "true" in the server.properties file.
[16:58:25] [Server thread/INFO]: **** Beginning UUID conversion, this may take A LONG time ****
[16:58:25] [Server thread/INFO]: Preparing level "world"
[16:58:25] [Server thread/INFO]: -------- World Settings For [world] --------
[16:58:25] [Server thread/INFO]: Mob Spawn Range: 4
[16:58:25] [Server thread/INFO]: Cactus Growth Modifier: 100%
[16:58:25] [Server thread/INFO]: Cane Growth Modifier: 100%
[16:58:25] [Server thread/INFO]: Melon Growth Modifier: 100%
[16:58:25] [Server thread/INFO]: Mushroom Growth Modifier: 100%
[16:58:25] [Server thread/INFO]: Pumpkin Growth Modifier: 100%
[16:58:25] [Server thread/INFO]: Sapling Growth Modifier: 100%
[16:58:25] [Server thread/INFO]: Wheat Growth Modifier: 100%
[16:58:25] [Server thread/INFO]: NetherWart Growth Modifier: 100%
[16:58:25] [Server thread/INFO]: Vine Growth Modifier: 100%
[16:58:25] [Server thread/INFO]: Cocoa Growth Modifier: 100%
[16:58:25] [Server thread/INFO]: Entity Activation Range: An 32 / Mo 32 / Mi 16 / Tiv true
[16:58:25] [Server thread/INFO]: Entity Tracking Range: Pl 48 / An 48 / Mo 48 / Mi 32 / Other 64
[16:58:25] [Server thread/INFO]: Hopper Transfer: 8 Hopper Check: 1 Hopper Amount: 1
[16:58:25] [Server thread/INFO]: Random Lighting Updates: false
[16:58:25] [Server thread/INFO]: Structure Info Saving: true
[16:58:25] [Server thread/INFO]: Custom Map Seeds:  Village: 10387312 Feature: 14357617 Monument: 10387313 Slime: 987234911
[16:58:25] [Server thread/INFO]: Max TNT Explosions: 100
[16:58:25] [Server thread/INFO]: Tile Max Tick Time: 50ms Entity max Tick Time: 50ms
[16:58:25] [Server thread/INFO]: View Distance: 3
[16:58:25] [Server thread/INFO]: Item Despawn Rate: 6000
[16:58:25] [Server thread/INFO]: Item Merge Radius: 2.5
[16:58:25] [Server thread/INFO]: Arrow Despawn Rate: 1200
[16:58:25] [Server thread/INFO]: Allow Zombie Pigmen to spawn from portal blocks: true
[16:58:25] [Server thread/INFO]: Experience Merge Radius: 3.0
[16:58:25] [Server thread/INFO]: Zombie Aggressive Towards Villager: true
[16:58:25] [Server thread/INFO]: Nerfing mobs spawned from spawners: false
[16:58:25] [Server thread/INFO]: -------- World Settings For [world_nether] --------
[16:58:25] [Server thread/INFO]: Mob Spawn Range: 4
[16:58:25] [Server thread/INFO]: Cactus Growth Modifier: 100%
[16:58:25] [Server thread/INFO]: Cane Growth Modifier: 100%
[16:58:25] [Server thread/INFO]: Melon Growth Modifier: 100%
[16:58:25] [Server thread/INFO]: Mushroom Growth Modifier: 100%
[16:58:25] [Server thread/INFO]: Pumpkin Growth Modifier: 100%
[16:58:25] [Server thread/INFO]: Sapling Growth Modifier: 100%
[16:58:25] [Server thread/INFO]: Wheat Growth Modifier: 100%
[16:58:25] [Server thread/INFO]: NetherWart Growth Modifier: 100%
[16:58:25] [Server thread/INFO]: Vine Growth Modifier: 100%
[16:58:25] [Server thread/INFO]: Cocoa Growth Modifier: 100%
[16:58:25] [Server thread/INFO]: Entity Activation Range: An 32 / Mo 32 / Mi 16 / Tiv true
[16:58:25] [Server thread/INFO]: Entity Tracking Range: Pl 48 / An 48 / Mo 48 / Mi 32 / Other 64
[16:58:25] [Server thread/INFO]: Hopper Transfer: 8 Hopper Check: 1 Hopper Amount: 1
[16:58:25] [Server thread/INFO]: Random Lighting Updates: false
[16:58:25] [Server thread/INFO]: Structure Info Saving: true
[16:58:25] [Server thread/INFO]: Custom Map Seeds:  Village: 10387312 Feature: 14357617 Monument: 10387313 Slime: 987234911
[16:58:25] [Server thread/INFO]: Max TNT Explosions: 100
[16:58:25] [Server thread/INFO]: Tile Max Tick Time: 50ms Entity max Tick Time: 50ms
[16:58:25] [Server thread/INFO]: View Distance: 3
[16:58:25] [Server thread/INFO]: Item Despawn Rate: 6000
[16:58:25] [Server thread/INFO]: Item Merge Radius: 2.5
[16:58:25] [Server thread/INFO]: Arrow Despawn Rate: 1200
[16:58:25] [Server thread/INFO]: Allow Zombie Pigmen to spawn from portal blocks: true
[16:58:25] [Server thread/INFO]: Experience Merge Radius: 3.0
[16:58:25] [Server thread/INFO]: Zombie Aggressive Towards Villager: true
[16:58:25] [Server thread/INFO]: Nerfing mobs spawned from spawners: false
[16:58:25] [Server thread/INFO]: -------- World Settings For [world_the_end] --------
[16:58:25] [Server thread/INFO]: Mob Spawn Range: 4
[16:58:25] [Server thread/INFO]: Cactus Growth Modifier: 100%
[16:58:25] [Server thread/INFO]: Cane Growth Modifier: 100%
[16:58:25] [Server thread/INFO]: Melon Growth Modifier: 100%
[16:58:25] [Server thread/INFO]: Mushroom Growth Modifier: 100%
[16:58:25] [Server thread/INFO]: Pumpkin Growth Modifier: 100%
[16:58:25] [Server thread/INFO]: Sapling Growth Modifier: 100%
[16:58:25] [Server thread/INFO]: Wheat Growth Modifier: 100%
[16:58:25] [Server thread/INFO]: NetherWart Growth Modifier: 100%
[16:58:25] [Server thread/INFO]: Vine Growth Modifier: 100%
[16:58:25] [Server thread/INFO]: Cocoa Growth Modifier: 100%
[16:58:25] [Server thread/INFO]: Entity Activation Range: An 32 / Mo 32 / Mi 16 / Tiv true
[16:58:25] [Server thread/INFO]: Entity Tracking Range: Pl 48 / An 48 / Mo 48 / Mi 32 / Other 64
[16:58:25] [Server thread/INFO]: Hopper Transfer: 8 Hopper Check: 1 Hopper Amount: 1
[16:58:25] [Server thread/INFO]: Random Lighting Updates: false
[16:58:25] [Server thread/INFO]: Structure Info Saving: true
[16:58:25] [Server thread/INFO]: Custom Map Seeds:  Village: 10387312 Feature: 14357617 Monument: 10387313 Slime: 987234911
[16:58:25] [Server thread/INFO]: Max TNT Explosions: 100
[16:58:25] [Server thread/INFO]: Tile Max Tick Time: 50ms Entity max Tick Time: 50ms
[16:58:25] [Server thread/INFO]: View Distance: 3
[16:58:25] [Server thread/INFO]: Item Despawn Rate: 6000
[16:58:25] [Server thread/INFO]: Item Merge Radius: 2.5
[16:58:25] [Server thread/INFO]: Arrow Despawn Rate: 1200
[16:58:25] [Server thread/INFO]: Allow Zombie Pigmen to spawn from portal blocks: true
[16:58:25] [Server thread/INFO]: Experience Merge Radius: 3.0
[16:58:25] [Server thread/INFO]: Zombie Aggressive Towards Villager: true
[16:58:25] [Server thread/INFO]: Nerfing mobs spawned from spawners: false
[16:58:25] [Server thread/INFO]: Preparing start region for level 0 (Seed: 1922263025196334593)
[16:58:26] [Server thread/INFO]: Preparing spawn area: 6%
[16:58:26] [Server thread/INFO]: Preparing start region for level 1 (Seed: 1922263025196334593)
[16:58:26] [Server thread/INFO]: Preparing start region for level 2 (Seed: 1922263025196334593)
[16:58:26] [Server thread/INFO]: [ViaVersion] Enabling ViaVersion v5.3.3-SNAPSHOT
[16:58:26] [Server thread/INFO]: [ViaBackwards] Enabling ViaBackwards v5.3.2
[16:58:26] [Server thread/INFO]: [ViaRewind-Legacy-Support] Enabling ViaRewind-Legacy-Support v1.5.2
[16:58:26] [Server thread/INFO]: [EaglerXServer] Enabling EaglercraftXServer v1.0.7
[16:58:26] [Server thread/INFO]: [EaglerXServer] Connecting to skin cache database "jdbc:sqlite:eagler_skins_cache.db"...
[16:58:26] [Netty Epoll Server IO #0/INFO]: [EaglerXServer] Listener "default" injected into channel [id: 0x63d45ed9, L:/[0:0:0:0:0:0:0:0%0]:25565] successfully (Generic Netty method)
[16:58:27] [Server thread/INFO]: [EaglerXServer] Connected to skin cache database successfully!
[16:58:27] [Server thread/ERROR]: [EaglerXServer] Plugin EaglercraftXServer v1.0.7 has failed to register events for class net.skinsrestorer.bukkit.listener.ForceAliveListener because org/bukkit/event/server/ServerLoadEvent does not exist.
[16:58:27] [Server thread/INFO]: [EaglerXServer] Listening for SkinsRestorer skin apply event on vanilla players
[16:58:27] [Server thread/INFO]: [EaglerXRewind-1.5] Enabling EaglercraftXRewind-1-5 v1.0.2
[16:58:27] [Server thread/INFO]: [EaglerXRewind-1.5] EaglerXRewind protocol for Eaglercraft 1.5.2 has been registered
[16:58:27] [Server thread/INFO]: Done (2.294s)! For help, type "help" or "?"
[16:58:27] [Server thread/INFO]: Timings Reset
[16:58:27] [Server thread/INFO]: [ViaVersion] ViaVersion detected server version: 1.12.2 (340)
[16:58:27] [Server thread/WARN]: [ViaVersion] This version of Minecraft is extremely outdated and support for it has reached its end of life. You will still be able to run Via on this Minecraft version, but we will prioritize issues with legacy Minecraft versions less. Please consider updating to give your players a better experience and to avoid issues that have long been fixed.
[16:58:27] [Craft Scheduler Thread - 4/INFO]: [ViaVersion] Finished mapping loading, shutting down loader executor.
[16:58:28] [Craft Scheduler Thread - 2/INFO]: [33;1m[[32;22mSkinsRestorer[33;1m] [0;39m[32;1m----------------------------------------------[0;39m
[16:58:28] [Craft Scheduler Thread - 2/INFO]: [33;1m[[32;22mSkinsRestorer[33;1m] [0;39m[32;1m    +==================+[0;39m
[16:58:28] [Craft Scheduler Thread - 2/INFO]: [33;1m[[32;22mSkinsRestorer[33;1m] [0;39m[32;1m    |   SkinsRestorer  |[0;39m
[16:58:28] [Craft Scheduler Thread - 2/INFO]: [33;1m[[32;22mSkinsRestorer[33;1m] [0;39m[32;1m    |------------------|[0;39m
[16:58:28] [Craft Scheduler Thread - 2/INFO]: [33;1m[[32;22mSkinsRestorer[33;1m] [0;39m[32;1m    |  [34;1m[4m[21mStandalone Mode[0;39m[32;1m |[0;39m
[16:58:28] [Craft Scheduler Thread - 2/INFO]: [33;1m[[32;22mSkinsRestorer[33;1m] [0;39m[32;1m    +==================+[0;39m
[16:58:28] [Craft Scheduler Thread - 2/INFO]: [33;1m[[32;22mSkinsRestorer[33;1m] [0;39m[32;1m----------------------------------------------[0;39m
[16:58:28] [Craft Scheduler Thread - 2/INFO]: [33;1m[[32;22mSkinsRestorer[33;1m] [0;39m[36;1m    Version: [32;1m15.10.2[0;39m
[16:58:28] [Craft Scheduler Thread - 2/INFO]: [33;1m[[32;22mSkinsRestorer[33;1m] [0;39m[36;1m    Commit: [32;1m5fb8cc7[0;39m
[16:58:28] [Craft Scheduler Thread - 2/INFO]: [33;1m[[32;22mSkinsRestorer[33;1m] [0;39m[32;1m    This is the latest version![0;39m
[16:58:28] [Craft Scheduler Thread - 2/INFO]: [33;1m[[32;22mSkinsRestorer[33;1m] [0;39m[32;1m----------------------------------------------[0;39m
[16:58:28] [Craft Scheduler Thread - 2/INFO]: [33;1m[[32;22mSkinsRestorer[33;1m] [0;39m[34;1mDo you have issues? Read our troubleshooting guide: [33;1mhttps://skinsrestorer.net/docs/troubleshooting[0;39m
[16:58:28] [Craft Scheduler Thread - 2/INFO]: [33;1m[[32;22mSkinsRestorer[33;1m] [0;39m[34;1mWant to support SkinsRestorer? Consider donating: [33;1mhttps://skinsrestorer.net/donate[0;39m
[16:58:28] [Server thread/WARN]: [ViaVersion] There is a newer plugin version available: 5.7.2, you're on: 5.3.3-SNAPSHOT
[16:58:28] [Netty Epoll Server IO #1/WARN]: [EaglerXServer] =============================================
[16:58:28] [Netty Epoll Server IO #1/WARN]: [EaglerXServer] =============================================
[16:58:28] [Netty Epoll Server IO #1/WARN]: [EaglerXServer] 
[16:58:28] [Netty Epoll Server IO #1/WARN]: [EaglerXServer]  Updates are available for EaglerXServer
[16:58:28] [Netty Epoll Server IO #1/WARN]: [EaglerXServer]  ---------------------------------------
[16:58:28] [Netty Epoll Server IO #1/WARN]: [EaglerXServer] 
[16:58:28] [Netty Epoll Server IO #1/WARN]: [EaglerXServer]    :< Active: 1.0.7
[16:58:28] [Netty Epoll Server IO #1/WARN]: [EaglerXServer] 
[16:58:28] [Netty Epoll Server IO #1/WARN]: [EaglerXServer]    :> Latest: 1.0.8
[16:58:28] [Netty Epoll Server IO #1/WARN]: [EaglerXServer] 
[16:58:28] [Netty Epoll Server IO #1/WARN]: [EaglerXServer]  https://lax1dude.net/eaglerxserver/
[16:58:28] [Netty Epoll Server IO #1/WARN]: [EaglerXServer]  -----------------------------------
[16:58:28] [Netty Epoll Server IO #1/WARN]: [EaglerXServer] 
[16:58:28] [Netty Epoll Server IO #1/WARN]: [EaglerXServer] =============================================
[16:58:28] [Netty Epoll Server IO #1/WARN]: [EaglerXServer] =============================================
[17:00:21] [User Authenticator #1/INFO]: UUID of player VoolYeeish6082 is 4c93ea71-7066-3635-b368-ac055bb32349
[17:00:21] [Server thread/INFO]: VoolYeeish6082[/[0:0:0:0:0:0:0:1%0]:43274] logged in with entity id 39 at ([world]-93.86745560133618, 65.0, 245.38482339716094)
[17:10:26] [Server thread/INFO]: VoolYeeish6082 issued server command: /tp 0 60 0
[17:27:09] [Server thread/INFO]: VoolYeeish6082 was slain by Zombie
[17:27:45] [Server thread/INFO]: You must specify which player you wish to perform this action on.
[17:27:51] [Server thread/INFO]: Teleported VoolYeeish6082 to 100.5, 100.0, 100.5
[17:27:53] [Server thread/INFO]: VoolYeeish6082 fell from a high place
[17:28:02] [Server thread/INFO]: Unable to locate any village feature
[17:28:12] [Server thread/INFO]: Unable to locate any structure:village feature
[17:28:38] [Server thread/INFO]: Located Village at 568 (y?) 200
[17:28:55] [Server thread/INFO]: Teleported VoolYeeish6082 to 568.5, 64.0, 200.5
[17:29:11] [Server thread/INFO]: Teleported VoolYeeish6082 to 568.5, 40.0, 200.5
[17:29:23] [Server thread/INFO]: VoolYeeish6082 suffocated in a wall
[17:29:23] [Server thread/INFO]: Teleported VoolYeeish6082 to 568.5, 50.0, 200.5
[17:29:35] [Server thread/INFO]: Teleported VoolYeeish6082 to 568.5, 50.0, 200.5
[17:29:47] [Server thread/INFO]: VoolYeeish6082 suffocated in a wall
[17:29:49] [Server thread/INFO]: Teleported VoolYeeish6082 to 568.5, 60.0, 200.5
[17:29:57] [Server thread/INFO]: Teleported VoolYeeish6082 to 568.5, 60.0, 200.5
[17:30:06] [Server thread/INFO]: Teleported VoolYeeish6082 to 568.5, 70.0, 200.5
[17:30:21] [Server thread/INFO]: Set the time to 1000
[17:31:02] [Server thread/INFO]: VoolYeeish6082 was shot by Skeleton
[17:31:22] [Server thread/INFO]: Given [White Bed] * 1 to VoolYeeish6082
[17:31:27] [Server thread/INFO]: Teleported VoolYeeish6082 to 568.5, 70.0, 200.5
[17:31:39] [Server thread/INFO]: VoolYeeish6082 suffocated in a wall
[17:31:44] [Server thread/INFO]: Teleported VoolYeeish6082 to 568.5, 75.0, 200.5
[17:31:50] [Server thread/INFO]: Teleported VoolYeeish6082 to 568.5, 75.0, 200.5
[17:32:35] [Server thread/INFO]: Given [Torch] * 64 to VoolYeeish6082
[17:32:54] [Server thread/INFO]: VoolYeeish6082 has made the advancement [Monster Hunter]
[17:33:38] [Server thread/INFO]: VoolYeeish6082 lost connection: Disconnected
[17:33:38] [Server thread/INFO]: VoolYeeish6082 left the game
[17:33:52] [Server thread/INFO]: Stopping the server
[17:33:52] [Server thread/INFO]: Stopping server
[17:33:52] [Server thread/INFO]: [EaglerXRewind-1.5] Disabling EaglercraftXRewind-1-5 v1.0.2
[17:33:52] [Server thread/INFO]: [EaglerXRewind-1.5] EaglerXRewind protocol for Eaglercraft 1.5.2 has been unregistered
[17:33:52] [Server thread/INFO]: [EaglerXServer] Disabling EaglercraftXServer v1.0.7
[17:33:52] [Server thread/INFO]: [EaglerXServer] Disconnecting from skin cache database "jdbc:sqlite:eagler_skins_cache.db"...
[17:33:52] [Server thread/INFO]: [EaglerXServer] Disconnected from skin cache database successfully!
[17:33:52] [Server thread/INFO]: [SkinsRestorer] Disabling SkinsRestorer v15.10.2
[17:33:52] [Server thread/INFO]: [ViaRewind-Legacy-Support] Disabling ViaRewind-Legacy-Support v1.5.2
[17:33:52] [Server thread/INFO]: [ViaRewind] Disabling ViaRewind v4.0.7
[17:33:52] [Server thread/INFO]: [ViaBackwards] Disabling ViaBackwards v5.3.2
[17:33:52] [Server thread/INFO]: [ViaVersion] Disabling ViaVersion v5.3.3-SNAPSHOT
[17:33:52] [Server thread/INFO]: [ViaVersion] ViaVersion is disabling. If this is a reload and you experience issues, please reboot instead.
[17:33:52] [Server thread/WARN]: [ViaVersion] Could not get handler DefaultChannelPipeline$TailContext#0
[17:33:52] [Server thread/INFO]: [ViaVersion] ViaVersion has been disabled; uninjected the platform and shut down the scheduler.
[17:33:52] [Server thread/INFO]: Saving players
[17:33:52] [Server thread/INFO]: Saving worlds
[17:33:52] [Server thread/INFO]: Saving chunks for level 'world'/overworld
[17:33:52] [Server thread/INFO]: Saving chunks for level 'world_nether'/the_nether
[17:33:52] [Server thread/INFO]: Saving chunks for level 'world_the_end'/the_end
